2026-01-08T09:29:11.907Z
ERROR: pip's dependency resolver does not currently take into account all the packages that are installed. This behaviour is the source of the following dependency conflicts.

ERROR: pip's dependency resolver does not currently take into account all the packages that are installed. This behaviour is the source of the following dependency conflicts.
2026-01-08T09:29:11.907Z
sagemaker-sklearn-container 2.0 requires pandas==1.1.3, but you have pandas 1.3.5 which is incompatible.

sagemaker-sklearn-container 2.0 requires pandas==1.1.3, but you have pandas 1.3.5 which is incompatible.
2026-01-08T09:29:11.907Z
sagemaker-sklearn-container 2.0 requires scikit-learn==1.2.1, but you have scikit-learn 1.0.2 which is incompatible.

sagemaker-sklearn-container 2.0 requires scikit-learn==1.2.1, but you have scikit-learn 1.0.2 which is incompatible.
2026-01-08T09:29:11.907Z
sagemaker-sklearn-container 2.0 requires scipy==1.8.0, but you have scipy 1.10.1 which is incompatible.

sagemaker-sklearn-container 2.0 requires scipy==1.8.0, but you have scipy 1.10.1 which is incompatible.
2026-01-08T09:29:11.907Z
sagemaker-sklearn-container 2.0 requires urllib3==1.26.17, but you have urllib3 1.26.19 which is incompatible.

sagemaker-sklearn-container 2.0 requires urllib3==1.26.17, but you have urllib3 1.26.19 which is incompatible.
2026-01-08T09:29:11.907Z
Successfully installed PyYAML-6.0.3 annotated-types-0.7.0 anyio-4.12.1 appdirs-1.4.4 cffi-2.0.0 cryptography-46.0.3 cycler-0.12.1 deprecation-2.1.0 dynaconf-3.2.12 evidently-0.6.3 exceptiongroup-1.3.1 faker-37.12.0 filelock-3.19.1 fsspec-2025.10.0 h11-0.16.0 httpcore-1.0.9 httptools-0.7.1 httpx-0.28.1 importlib-metadata-8.7.1 iterative-telemetry-0.0.10 kiwisolver-1.4.7 litestar-2.19.0 litestar-htmx-0.5.0 markdown-it-py-3.0.0 matplotlib-3.3.4 mdurl-0.1.2 msgspec-0.20.0 multidict-6.7.0 multipart-1.3.0 mypy-extensions-1.1.0 nltk-3.9.2 pandas-1.3.5 patsy-1.0.2 plotly-5.13.1 polyfactory-3.2.0 pyarrow-6.0.1 pydantic-2.12.5 pydantic-core-2.41.5 pygments-2.19.2 pyparsing-3.3.1 python-dotenv-1.2.1 regex-2025.11.3 rich-14.2.0 rich-click-1.9.5 scikit-learn-1.0.2 scipy-1.10.1 shellingham-1.5.4 sniffio-1.3.1 statsmodels-0.14.1 tenacity-9.1.2 typer-0.21.1 typing-extensions-4.15.0 typing-inspect-0.9.0 typing-inspection-0.4.2 tzdata-2025.3 ujson-5.11.0 urllib3-1.26.19 uuid6-2025.0.1 uvicorn-0.22.0 uvloop-0.22.1 watchdog-3.0.0 watchfiles-1.1.1 websockets-15.0.1 zipp-3.23.0

Successfully installed PyYAML-6.0.3 annotated-types-0.7.0 anyio-4.12.1 appdirs-1.4.4 cffi-2.0.0 cryptography-46.0.3 cycler-0.12.1 deprecation-2.1.0 dynaconf-3.2.12 evidently-0.6.3 exceptiongroup-1.3.1 faker-37.12.0 filelock-3.19.1 fsspec-2025.10.0 h11-0.16.0 httpcore-1.0.9 httptools-0.7.1 httpx-0.28.1 importlib-metadata-8.7.1 iterative-telemetry-0.0.10 kiwisolver-1.4.7 litestar-2.19.0 litestar-htmx-0.5.0 markdown-it-py-3.0.0 matplotlib-3.3.4 mdurl-0.1.2 msgspec-0.20.0 multidict-6.7.0 multipart-1.3.0 mypy-extensions-1.1.0 nltk-3.9.2 pandas-1.3.5 patsy-1.0.2 plotly-5.13.1 polyfactory-3.2.0 pyarrow-6.0.1 pydantic-2.12.5 pydantic-core-2.41.5 pygments-2.19.2 pyparsing-3.3.1 python-dotenv-1.2.1 regex-2025.11.3 rich-14.2.0 rich-click-1.9.5 scikit-learn-1.0.2 scipy-1.10.1 shellingham-1.5.4 sniffio-1.3.1 statsmodels-0.14.1 tenacity-9.1.2 typer-0.21.1 typing-extensions-4.15.0 typing-inspect-0.9.0 typing-inspection-0.4.2 tzdata-2025.3 ujson-5.11.0 urllib3-1.26.19 uuid6-2025.0.1 uvicorn-0.22.0 uvloop-0.22.1 watchdog-3.0.0 watchfiles-1.1.1 websockets-15.0.1 zipp-3.23.0
2026-01-08T09:29:11.907Z
[notice] A new release of pip is available: 25.2 -> 25.3

[notice] A new release of pip is available: 25.2 -> 25.3
2026-01-08T09:29:11.907Z
[notice] To update, run: pip install --upgrade pip

[notice] To update, run: pip install --upgrade pip
2026-01-08T09:29:14.908Z
Traceback (most recent call last):
  File "/opt/ml/processing/code/monitor.py", line 29, in <module>
    from evidently import Report

Traceback (most recent call last): File "/opt/ml/processing/code/monitor.py", line 29, in <module> from evidently import Report
2026-01-08T09:29:14.909Z
ImportError: cannot import name 'Report' from 'evidently' (/miniconda3/lib/python3.9/site-packages/evidently/__init__.py)
